mode: set
github.com/jsperandio/b2w-star-wars/planet/delivery/http/client/rest_client.go:15.87,25.2 3 1
github.com/jsperandio/b2w-star-wars/planet/delivery/http/client/rest_client.go:27.102,32.2 1 1
github.com/jsperandio/b2w-star-wars/planet/delivery/http/client/swapi_client.go:53.45,62.2 3 1
github.com/jsperandio/b2w-star-wars/planet/delivery/http/client/swapi_client.go:65.51,67.2 1 1
github.com/jsperandio/b2w-star-wars/planet/delivery/http/client/swapi_client.go:69.65,72.16 2 1
github.com/jsperandio/b2w-star-wars/planet/delivery/http/client/swapi_client.go:79.2,79.17 1 1
github.com/jsperandio/b2w-star-wars/planet/delivery/http/client/swapi_client.go:72.16,77.3 3 1
github.com/jsperandio/b2w-star-wars/planet/delivery/http/client/swapi_client.go:83.57,86.16 2 1
github.com/jsperandio/b2w-star-wars/planet/delivery/http/client/swapi_client.go:86.16,88.3 1 1
github.com/jsperandio/b2w-star-wars/planet/delivery/http/client/swapi_client.go:93.68,96.16 2 1
github.com/jsperandio/b2w-star-wars/planet/delivery/http/client/swapi_client.go:100.2,103.16 3 1
github.com/jsperandio/b2w-star-wars/planet/delivery/http/client/swapi_client.go:107.2,107.20 1 1
github.com/jsperandio/b2w-star-wars/planet/delivery/http/client/swapi_client.go:111.2,113.18 2 1
github.com/jsperandio/b2w-star-wars/planet/delivery/http/client/swapi_client.go:120.2,120.50 1 1
github.com/jsperandio/b2w-star-wars/planet/delivery/http/client/swapi_client.go:96.16,98.3 1 1
github.com/jsperandio/b2w-star-wars/planet/delivery/http/client/swapi_client.go:103.16,105.3 1 0
github.com/jsperandio/b2w-star-wars/planet/delivery/http/client/swapi_client.go:107.20,109.3 1 1
github.com/jsperandio/b2w-star-wars/planet/delivery/http/client/swapi_client.go:113.18,118.3 3 1
